-------------------------------------------------------------------------------
Test set: com.mycompany.prakmod6.QTest
-------------------------------------------------------------------------------
Tests run: 1, Failures: 0, Errors: 1, Skipped: 0, Time elapsed: 0.009 s <<< FAILURE! -- in com.mycompany.prakmod6.QTest
com.mycompany.prakmod6.QTest.testMethod2 -- Time elapsed: 0.004 s <<< ERROR!
java.lang.UnsupportedOperationException: Not supported yet.
	at com.mycompany.prakmod6.Q.method2(Abstraksi_Sederhana.java:42)
	at com.mycompany.prakmod6.QTest.testMethod2(QTest.java:52)
	at java.base/java.lang.reflect.Method.invoke(Method.java:565)
	at java.base/java.util.ArrayList.forEach(ArrayList.java:1604)
	at java.base/java.util.ArrayList.forEach(ArrayList.java:1604)

